Arguments: 
  C:\Program Files\nodejs\node.exe C:\Users\chape\AppData\Roaming\npm\node_modules\yarn\bin\yarn.js init

PATH: 
  C:\Users\chape\bin;C:\Program Files\Git\mingw64\bin;C:\Program Files\Git\usr\local\bin;C:\Program Files\Git\usr\bin;C:\Program Files\Git\usr\bin;C:\Program Files\Git\mingw64\bin;C:\Program Files\Git\usr\bin;C:\Users\chape\bin;C:\Program Files (x86)\Intel\iCLS Client;C:\Program Files\Intel\iCLS Client;C:\Windows\system32;C:\Windows;C:\Windows\System32\Wbem;C:\Windows\System32\WindowsPowerShell\v1.0;C:\Program Files (x86)\Intel\Intel(R) Management Engine Components\DAL;C:\Program Files\Intel\Intel(R) Management Engine Components\DAL;C:\Program Files (x86)\Intel\Intel(R) Management Engine Components\IPT;C:\Program Files\Intel\Intel(R) Management Engine Components\IPT;C:\Program Files (x86)\NVIDIA Corporation\PhysX\Common;C:\Program Files\Intel\WiFi\bin;C:\Program Files\Common Files\Intel\WirelessCommon;C:\WINDOWS\system32;C:\WINDOWS;C:\WINDOWS\System32\Wbem;C:\WINDOWS\System32\WindowsPowerShell\v1.0;C:\WINDOWS\System32\OpenSSH;C:\Program Files\nodejs;C:\Program Files\Git\cmd;C:\laragon\bin\php\php-7.2.11-Win32-VC15-x64;C:\ProgramData\ComposerSetup\bin;C:\Users\chape\AppData\Local\Microsoft\WindowsApps;C:\Users\chape\AppData\Local\Programs\Microsoft VS Code\bin;C:\Users\chape\AppData\Roaming\npm;C:\Users\chape\OneDrive\Bureau\flutter\bin;C:\Users\chape\AppData\Local\GitHubDesktop\bin;C:\Users\chape\AppData\Local\Microsoft\WindowsApps;C:\Users\chape\AppData\Roaming\Composer\vendor\bin;%DASHLANE_DLL_DIR%;C:\Program Files\Git\usr\bin\vendor_perl;C:\Program Files\Git\usr\bin\core_perl

Yarn version: 
  1.19.1

Node version: 
  10.15.3

Platform: 
  win32 x64

Trace: 
  Error: Can't answer a question unless a user TTY
      at ConsoleReporter.question (C:\Users\chape\AppData\Roaming\npm\node_modules\yarn\lib\cli.js:96655:59)
      at Object.<anonymous> (C:\Users\chape\AppData\Roaming\npm\node_modules\yarn\lib\cli.js:88996:38)
      at Generator.next (<anonymous>)
      at step (C:\Users\chape\AppData\Roaming\npm\node_modules\yarn\lib\cli.js:304:30)
      at C:\Users\chape\AppData\Roaming\npm\node_modules\yarn\lib\cli.js:315:13

npm manifest: 
  No manifest

yarn manifest: 
  No manifest

Lockfile: 
  # THIS IS AN AUTOGENERATED FILE. DO NOT EDIT THIS FILE DIRECTLY.
  # yarn lockfile v1
